2025-05-06 16:07:05,540 - app - INFO - Connecting to database: sqlite:///dragonrise.db
2025-05-06 16:07:05,540 - app - INFO - Database connection successful
2025-05-06 16:07:05,540 - app - INFO - Database setup complete
2025-05-06 16:07:06,134 - app - INFO - Connecting to database: sqlite:///dragonrise.db
2025-05-06 16:07:06,134 - app - INFO - Database connection successful
2025-05-06 16:07:06,134 - app - INFO - Database setup complete
2025-05-06 16:08:58,188 - app - INFO - 2025-05-06 08:08:58 - User 2 - Screenshot Climb Logged - 72 flights
2025-05-06 16:09:24,681 - app - INFO - 2025-05-06 08:09:24 - User 2 - Climb Logged - 1 flights
2025-05-06 16:12:06,639 - app - INFO - Connecting to database: sqlite:///dragonrise.db
2025-05-06 16:12:06,639 - app - INFO - Connecting to database: sqlite:///dragonrise.db
2025-05-06 16:12:06,652 - app - INFO - Database connection successful
2025-05-06 16:12:06,652 - app - INFO - Database connection successful
2025-05-06 16:12:06,652 - app - INFO - Database setup complete
2025-05-06 16:12:06,652 - app - INFO - Database setup complete
2025-05-06 16:12:06,810 - app - INFO - Connecting to database: sqlite:///dragonrise.db
2025-05-06 16:12:06,810 - app - INFO - Connecting to database: sqlite:///dragonrise.db
2025-05-06 16:12:06,810 - app - INFO - Database connection successful
2025-05-06 16:12:06,810 - app - INFO - Database connection successful
2025-05-06 16:12:06,810 - app - INFO - Database setup complete
2025-05-06 16:12:06,810 - app - INFO - Database setup complete
2025-05-06 16:33:58,813 - app - INFO - Connecting to database: sqlite:///dragonrise.db
2025-05-06 16:33:58,813 - app - INFO - Database connection successful
2025-05-06 16:33:58,813 - app - INFO - Database setup complete
2025-05-06 16:33:59,392 - app - INFO - Connecting to database: sqlite:///dragonrise.db
2025-05-06 16:33:59,392 - app - INFO - Database connection successful
2025-05-06 16:33:59,392 - app - INFO - Database setup complete
2025-05-06 16:35:23,147 - app - INFO - 2025-05-06 08:35:23 - User None - Login Failed - Invalid Credentials
2025-05-06 16:35:27,613 - app - INFO - 2025-05-06 08:35:27 - User None - Login Failed - Invalid Credentials
2025-05-06 16:45:23,464 - app - INFO - Connecting to database: sqlite:///dragonrise.db
2025-05-06 16:45:23,464 - app - INFO - Database connection successful
2025-05-06 16:45:23,464 - app - INFO - Database setup complete
2025-05-06 16:46:34,129 - app - INFO - 2025-05-06 08:46:34 - User 1 - Login - Success
2025-05-06 17:26:12,448 - app - INFO - 2025-05-06 09:26:12 - User 2 - Login - Success
2025-05-06 17:26:44,083 - app - INFO - Connecting to database: sqlite:///dragonrise.db
2025-05-06 17:26:44,083 - app - INFO - Database connection successful
2025-05-06 17:26:44,083 - app - INFO - Database setup complete
2025-05-06 17:31:13,398 - app - INFO - 2025-05-06 09:31:13 - User 2 - Standing Time Logged - 1 minutes
2025-05-06 17:34:32,850 - app - INFO - Connecting to database: sqlite:///dragonrise.db
2025-05-06 17:34:32,866 - app - INFO - Database connection successful
2025-05-06 17:34:32,882 - app - INFO - Database setup complete
2025-05-06 17:44:50,308 - app - INFO - 2025-05-06 09:44:50 - User 2 - Screenshot Standing Logged - 2 minutes
2025-05-06 17:51:29,999 - app - INFO - Connecting to database: sqlite:///dragonrise.db
2025-05-06 17:51:29,999 - app - INFO - Database connection successful
2025-05-06 17:51:30,016 - app - INFO - Database setup complete
2025-05-06 18:00:55,503 - app - INFO - Connecting to database: sqlite:///dragonrise.db
2025-05-06 18:00:55,520 - app - INFO - Database connection successful
2025-05-06 18:00:55,520 - app - INFO - Database setup complete
2025-05-06 18:01:24,354 - app - INFO - Connecting to database: sqlite:///dragonrise.db
2025-05-06 18:01:24,371 - app - INFO - Database connection successful
2025-05-06 18:01:24,371 - app - INFO - Database setup complete
2025-05-06 18:02:00,878 - app - INFO - Connecting to database: sqlite:///dragonrise.db
2025-05-06 18:02:00,895 - app - INFO - Database connection successful
2025-05-06 18:02:00,895 - app - INFO - Database setup complete
2025-05-06 18:02:39,673 - app - INFO - Connecting to database: sqlite:///dragonrise.db
2025-05-06 18:02:39,690 - app - INFO - Database connection successful
2025-05-06 18:02:39,690 - app - INFO - Database setup complete
2025-05-06 18:03:23,823 - app - INFO - Connecting to database: sqlite:///dragonrise.db
2025-05-06 18:03:23,841 - app - INFO - Database connection successful
2025-05-06 18:03:23,841 - app - INFO - Database setup complete
2025-05-06 18:04:12,531 - app - INFO - Connecting to database: sqlite:///dragonrise.db
2025-05-06 18:04:12,545 - app - INFO - Database connection successful
2025-05-06 18:04:12,548 - app - INFO - Database setup complete
2025-05-06 18:05:05,926 - app - INFO - Connecting to database: sqlite:///dragonrise.db
2025-05-06 18:05:05,926 - app - INFO - Database connection successful
2025-05-06 18:05:05,942 - app - INFO - Database setup complete
2025-05-06 18:06:49,347 - app - INFO - 2025-05-06 10:06:49 - User 2 - Climb Logged - 5 flights (2x multiplier!)
2025-05-06 18:08:47,620 - app - ERROR - Standing time logging error: __init__() got an unexpected keyword argument 'points'
2025-05-06 18:09:09,663 - app - ERROR - Standing time logging error: __init__() got an unexpected keyword argument 'points'
2025-05-06 18:11:16,023 - app - INFO - Connecting to database: sqlite:///dragonrise.db
2025-05-06 18:11:16,023 - app - INFO - Connecting to database: sqlite:///dragonrise.db
2025-05-06 18:11:16,031 - app - INFO - Database connection successful
2025-05-06 18:11:16,031 - app - INFO - Database connection successful
2025-05-06 18:11:16,031 - app - INFO - Database setup complete
2025-05-06 18:11:16,031 - app - INFO - Database setup complete
2025-05-07 09:14:48,694 - app - INFO - Connecting to database: sqlite:///dragonrise.db
2025-05-07 09:14:48,694 - app - INFO - Database connection successful
2025-05-07 09:14:48,694 - app - INFO - Database setup complete
2025-05-07 09:14:49,366 - app - INFO - Connecting to database: sqlite:///dragonrise.db
2025-05-07 09:14:49,382 - app - INFO - Database connection successful
2025-05-07 09:14:49,382 - app - INFO - Database setup complete
2025-05-07 09:15:21,884 - app - INFO - 2025-05-07 01:15:21 - User 2 - Login - Success
2025-05-07 09:17:44,909 - app - INFO - Connecting to database: sqlite:///dragonrise.db
2025-05-07 09:17:44,909 - app - INFO - Database connection successful
2025-05-07 09:17:44,909 - app - INFO - Database setup complete
2025-05-07 09:19:01,141 - app - ERROR - Standing time logging error: __init__() got an unexpected keyword argument 'points'
2025-05-07 09:23:06,307 - app - INFO - Connecting to database: sqlite:///dragonrise.db
2025-05-07 09:23:06,307 - app - INFO - Database connection successful
2025-05-07 09:23:06,307 - app - INFO - Database setup complete
2025-05-07 09:23:42,813 - app - INFO - Connecting to database: sqlite:///dragonrise.db
2025-05-07 09:23:42,814 - app - INFO - Database connection successful
2025-05-07 09:23:42,814 - app - INFO - Database setup complete
2025-05-07 09:28:02,549 - app - INFO - Connecting to database: sqlite:///dragonrise.db
2025-05-07 09:28:02,549 - app - INFO - Database connection successful
2025-05-07 09:28:02,564 - app - INFO - Database setup complete
2025-05-07 09:34:01,176 - app - INFO - Connecting to database: sqlite:///dragonrise.db
2025-05-07 09:34:01,178 - app - INFO - Database connection successful
2025-05-07 09:34:01,178 - app - INFO - Database setup complete
2025-05-07 09:34:12,904 - app - INFO - 2025-05-07 01:34:12 - User 2 - Standing Time Logged - 10 minutes (2x multiplier!)
2025-05-07 09:35:04,460 - app - INFO - 2025-05-07 01:35:04 - User 2 - Climb Logged - 15 flights (2x multiplier!)
2025-05-07 09:35:47,825 - app - INFO - 2025-05-07 01:35:47 - User 2 - Screenshot Climb Logged - 4 flights (2x multiplier!)
2025-05-07 09:42:02,565 - app - INFO - 2025-05-07 01:42:02 - User 2 - Screenshot Climb Logged - 12 flights (2x multiplier!)
2025-05-07 09:55:30,708 - app - INFO - Connecting to database: sqlite:///dragonrise.db
2025-05-07 09:55:30,708 - app - INFO - Database connection successful
2025-05-07 09:55:30,708 - app - INFO - Database setup complete
2025-05-07 09:55:57,820 - app - INFO - 2025-05-07 01:55:57 - User 2 - Screenshot Standing Logged - 21 minutes (2x multiplier!)
2025-05-07 09:56:11,957 - app - INFO - 2025-05-07 01:56:11 - User 2 - Standing Time Logged - 4 minutes (2x multiplier!)
2025-05-07 09:56:26,443 - app - INFO - 2025-05-07 01:56:26 - User 2 - Climb Logged - 5 flights (2x multiplier!)
2025-05-07 09:56:47,541 - app - INFO - 2025-05-07 01:56:47 - User 2 - Screenshot Climb Logged - 12 flights (2x multiplier!)
2025-05-07 09:57:36,206 - app - INFO - Connecting to database: sqlite:///dragonrise.db
2025-05-07 09:57:36,208 - app - INFO - Database connection successful
2025-05-07 09:57:36,208 - app - INFO - Database setup complete
2025-05-07 09:57:42,767 - app - INFO - 2025-05-07 01:57:42 - User 2 - Climb Logged - 3 flights
2025-05-07 09:58:03,478 - app - INFO - 2025-05-07 01:58:03 - User 2 - Screenshot Climb Logged - 12 flights
2025-05-07 09:58:16,336 - app - INFO - 2025-05-07 01:58:16 - User 2 - Standing Time Logged - 5 minutes
2025-05-07 09:58:32,670 - app - INFO - 2025-05-07 01:58:32 - User 2 - Screenshot Standing Logged - 109 minutes
2025-05-07 10:21:15,288 - app - INFO - Connecting to database: sqlite:///dragonrise.db
2025-05-07 10:21:15,288 - app - INFO - Database connection successful
2025-05-07 10:21:15,288 - app - INFO - Database setup complete
2025-05-07 10:21:30,032 - app - INFO - Connecting to database: sqlite:///dragonrise.db
2025-05-07 10:21:30,032 - app - INFO - Database connection successful
2025-05-07 10:21:30,032 - app - INFO - Database setup complete
2025-05-07 10:22:39,683 - app - INFO - Connecting to database: sqlite:///dragonrise.db
2025-05-07 10:22:39,683 - app - INFO - Database connection successful
2025-05-07 10:22:39,683 - app - INFO - Database setup complete
2025-05-07 10:34:04,413 - app - INFO - Connecting to database: sqlite:///dragonrise.db
